<?xml version="1.0" encoding="UTF-8"?>
<!-- Generated by org.testng.reporters.JUnitXMLReporter -->
<testsuite ignored="0" hostname="DESKTOP-8UQG93Q" failures="0" tests="1" name="Default test" time="0.138" errors="0" timestamp="2022-05-27T17:22:26 IST">
  <testcase classname="TestClass.VerifyFashionPage" name="@BeforeTest lauchdriver" time="-1.653652346236E9">
    <failure type="org.testng.TestNGException" message="
Parameter &amp;apos;browsername&amp;apos; is required by BeforeTest on method lauchdriver but has not been marked @Optional or defined
in C:\Users\user\AppData\Local\Temp\testng-eclipse-406345141\testng-customsuite.xml">
      <![CDATA[org.testng.TestNGException: 
Parameter 'browsername' is required by BeforeTest on method lauchdriver but has not been marked @Optional or defined
in C:\Users\user\AppData\Local\Temp\testng-eclipse-406345141\testng-customsuite.xml
at org.testng.internal.Parameters.createParams(Parameters.java:267)
at org.testng.internal.Parameters.createParametersForMethod(Parameters.java:355)
at org.testng.internal.Parameters.createParameters(Parameters.java:660)
at org.testng.internal.Parameters.createConfigurationParameters(Parameters.java:166)
at org.testng.internal.invokers.ConfigInvoker.invokeConfigurations(ConfigInvoker.java:300)
at org.testng.TestRunner.invokeTestConfigurations(TestRunner.java:645)
at org.testng.TestRunner.beforeRun(TestRunner.java:634)
at org.testng.TestRunner.run(TestRunner.java:596)
at org.testng.SuiteRunner.runTest(SuiteRunner.java:429)
at org.testng.SuiteRunner.runSequentially(SuiteRunner.java:423)
at org.testng.SuiteRunner.privateRun(SuiteRunner.java:383)
at org.testng.SuiteRunner.run(SuiteRunner.java:326)
at org.testng.SuiteRunnerWorker.runSuite(SuiteRunnerWorker.java:52)
at org.testng.SuiteRunnerWorker.run(SuiteRunnerWorker.java:95)
at org.testng.TestNG.runSuitesSequentially(TestNG.java:1249)
at org.testng.TestNG.runSuitesLocally(TestNG.java:1169)
at org.testng.TestNG.runSuites(TestNG.java:1092)
at org.testng.TestNG.run(TestNG.java:1060)
at org.testng.remote.AbstractRemoteTestNG.run(AbstractRemoteTestNG.java:115)
at org.testng.remote.RemoteTestNG.initAndRun(RemoteTestNG.java:251)
at org.testng.remote.RemoteTestNG.main(RemoteTestNG.java:77)
]]>
    </failure>
  </testcase> <!-- @BeforeTest lauchdriver -->
  <testcase classname="TestClass.VerifyFashionPage" name="@BeforeClass DeclareObject" time="0.0">
    <skipped/>
  </testcase> <!-- @BeforeClass DeclareObject -->
  <testcase classname="TestClass.VerifyFashionPage" name="@BeforeMethod LaunchFlipkart" time="0.0">
    <skipped/>
  </testcase> <!-- @BeforeMethod LaunchFlipkart -->
  <testcase classname="TestClass.VerifyFashionPage" name="@AfterMethod LogoutFromApp" time="0.0">
    <skipped/>
  </testcase> <!-- @AfterMethod LogoutFromApp -->
  <testcase classname="TestClass.VerifyFashionPage" name="@AfterClass ClearObject" time="0.0">
    <skipped/>
  </testcase> <!-- @AfterClass ClearObject -->
  <testcase classname="TestClass.VerifyFashionPage" name="@AfterTest CloseBrowse" time="0.0">
    <skipped/>
  </testcase> <!-- @AfterTest CloseBrowse -->
  <testcase classname="TestClass.VerifyFashionPage" name="VerifyMensBlazers" time="0.0">
    <skipped/>
  </testcase> <!-- VerifyMensBlazers -->
</testsuite> <!-- Default test -->
